\BOOKMARK [1][-]{section.1}{Introduction}{}% 1
\BOOKMARK [1][-]{section.2}{Previous Work}{}% 2
\BOOKMARK [1][-]{section.3}{Technical background}{}% 3
\BOOKMARK [2][-]{subsection.3.1}{Web data retrieval}{section.3}% 4
\BOOKMARK [2][-]{subsection.3.2}{Text representation}{section.3}% 5
\BOOKMARK [3][-]{subsubsection.3.2.1}{Bag-of-words}{subsection.3.2}% 6
\BOOKMARK [3][-]{subsubsection.3.2.2}{Term Frequency-Inverse Document Frequency}{subsection.3.2}% 7
\BOOKMARK [3][-]{subsubsection.3.2.3}{}{subsection.3.2}% 8
\BOOKMARK [2][-]{subsection.3.3}{Topic modeling}{section.3}% 9
\BOOKMARK [3][-]{subsubsection.3.3.1}{Latent Dirichlet Allocation}{subsection.3.3}% 10
\BOOKMARK [2][-]{subsection.3.4}{Classification}{section.3}% 11
\BOOKMARK [3][-]{subsubsection.3.4.1}{Support Vector Machines}{subsection.3.4}% 12
\BOOKMARK [3][-]{subsubsection.3.4.2}{Convolutional Neural Networks}{subsection.3.4}% 13
\BOOKMARK [1][-]{section.4}{Method}{}% 14
\BOOKMARK [2][-]{subsection.4.1}{Data scraping}{section.4}% 15
\BOOKMARK [2][-]{subsection.4.2}{Data preprocessing}{section.4}% 16
\BOOKMARK [2][-]{subsection.4.3}{Topic modeling}{section.4}% 17
\BOOKMARK [3][-]{subsubsection.4.3.1}{Model evaluation and parameter search}{subsection.4.3}% 18
\BOOKMARK [2][-]{subsection.4.4}{Classification setup}{section.4}% 19
\BOOKMARK [1][-]{section.5}{Results and analysis}{}% 20
\BOOKMARK [2][-]{subsection.5.1}{Topic model}{section.5}% 21
\BOOKMARK [1][-]{section.6}{Definitions}{}% 22
\BOOKMARK [1][-]{section.7}{Conclusion}{}% 23
\BOOKMARK [2][-]{section*.52}{II. Licence}{section.7}% 24
